2021-02-26 05:38:24,689 ERROR: Exception on /index [GET] [in c:\users\json\appdata\local\programs\python\python36\lib\site-packages\flask\app.py:1891]
Traceback (most recent call last):
  File "c:\users\json\appdata\local\programs\python\python36\lib\site-packages\flask\app.py", line 2446, in wsgi_app
    response = self.full_dispatch_request()
  File "c:\users\json\appdata\local\programs\python\python36\lib\site-packages\flask\app.py", line 1951, in full_dispatch_request
    rv = self.handle_user_exception(e)
  File "c:\users\json\appdata\local\programs\python\python36\lib\site-packages\flask\app.py", line 1820, in handle_user_exception
    reraise(exc_type, exc_value, tb)
  File "c:\users\json\appdata\local\programs\python\python36\lib\site-packages\flask\_compat.py", line 39, in reraise
    raise value
  File "c:\users\json\appdata\local\programs\python\python36\lib\site-packages\flask\app.py", line 1949, in full_dispatch_request
    rv = self.dispatch_request()
  File "c:\users\json\appdata\local\programs\python\python36\lib\site-packages\flask\app.py", line 1935, in dispatch_request
    return self.view_functions[rule.endpoint](**req.view_args)
  File "c:\users\json\appdata\local\programs\python\python36\lib\site-packages\flask_login\utils.py", line 272, in decorated_view
    return func(*args, **kwargs)
  File "C:\Users\jSON\Python workbook\N.A.N.C.Y\NANCY r_3\nancy\app\main\routes.py", line 48, in index
    prev_url=prev_url)
  File "c:\users\json\appdata\local\programs\python\python36\lib\site-packages\flask\templating.py", line 140, in render_template
    ctx.app,
  File "c:\users\json\appdata\local\programs\python\python36\lib\site-packages\flask\templating.py", line 120, in _render
    rv = template.render(context)
  File "C:\Users\jSON\AppData\Roaming\Python\Python36\site-packages\jinja2\asyncsupport.py", line 76, in render
    return original_render(self, *args, **kwargs)
  File "C:\Users\jSON\AppData\Roaming\Python\Python36\site-packages\jinja2\environment.py", line 1008, in render
    return self.environment.handle_exception(exc_info, True)
  File "C:\Users\jSON\AppData\Roaming\Python\Python36\site-packages\jinja2\environment.py", line 780, in handle_exception
    reraise(exc_type, exc_value, tb)
  File "C:\Users\jSON\AppData\Roaming\Python\Python36\site-packages\jinja2\_compat.py", line 37, in reraise
    raise value.with_traceback(tb)
  File "C:\Users\jSON\Python workbook\N.A.N.C.Y\NANCY r_3\nancy\app\templates\index.html", line 2, in top-level template code
    {% import 'bootstrap/wtf.html' as wtf %}
  File "C:\Users\jSON\Python workbook\N.A.N.C.Y\NANCY r_3\nancy\app\templates\base.html", line 1, in top-level template code
    {% extends 'bootstrap/base.html' %}
  File "c:\users\json\appdata\local\programs\python\python36\lib\site-packages\flask_bootstrap\templates\bootstrap\base.html", line 1, in top-level template code
    {% block doc -%}
  File "c:\users\json\appdata\local\programs\python\python36\lib\site-packages\flask_bootstrap\templates\bootstrap\base.html", line 4, in block "doc"
    {%- block html %}
  File "c:\users\json\appdata\local\programs\python\python36\lib\site-packages\flask_bootstrap\templates\bootstrap\base.html", line 20, in block "html"
    {% block body -%}
  File "c:\users\json\appdata\local\programs\python\python36\lib\site-packages\flask_bootstrap\templates\bootstrap\base.html", line 21, in block "body"
    {% block navbar %}
  File "C:\Users\jSON\Python workbook\N.A.N.C.Y\NANCY r_3\nancy\app\templates\base.html", line 25, in block "navbar"
    <form class="navbar-form navbar-left" method="get" action="{{ url_for('main.search') }}">
  File "c:\users\json\appdata\local\programs\python\python36\lib\site-packages\flask\helpers.py", line 370, in url_for
    return appctx.app.handle_url_build_error(error, endpoint, values)
  File "c:\users\json\appdata\local\programs\python\python36\lib\site-packages\flask\app.py", line 2215, in handle_url_build_error
    reraise(exc_type, exc_value, tb)
  File "c:\users\json\appdata\local\programs\python\python36\lib\site-packages\flask\_compat.py", line 39, in reraise
    raise value
  File "c:\users\json\appdata\local\programs\python\python36\lib\site-packages\flask\helpers.py", line 358, in url_for
    endpoint, values, method=method, force_external=external
  File "c:\users\json\appdata\local\programs\python\python36\lib\site-packages\werkzeug\routing.py", line 2020, in build
    raise BuildError(endpoint, values, method, self)
werkzeug.routing.BuildError: Could not build url for endpoint 'main.search'. Did you mean 'main.user' instead?
2021-02-26 05:41:28,399 INFO: NANCY startup [in C:\Users\jSON\Python workbook\N.A.N.C.Y\NANCY r_3\nancy\app\__init__.py:76]
2021-02-27 03:09:22,459 INFO: NANCY startup [in C:\Users\jSON\Python workbook\N.A.N.C.Y\NANCY r_3\nancy\app\__init__.py:76]
2021-02-27 03:13:12,207 INFO: NANCY startup [in C:\Users\jSON\Python workbook\N.A.N.C.Y\NANCY r_3\nancy\app\__init__.py:76]
